# JRE version: Java(TM) SE Runtime Environment (25.0.1+8) (build 25.0.1+8-LTS-27)
# Java VM: Java HotSpot(TM) 64-Bit Server VM (25.0.1+8-LTS-27, mixed mode, sharing, tiered, compressed oops, compressed class ptrs, g1 gc, windows-amd64)
GC Precious Log:
 CardTable entry size: 512
 Card Set container configuration: InlinePtr #cards 5 size 8 Array Of Cards #cards 10 size 36 Howl #buckets 4 coarsen threshold 1843 Howl Bitmap #cards 512 size 80 coarsen threshold 460 Card regions per heap region 1 cards per card region 2048
 CPUs: 16 total, 16 available
 Memory: 7860M
 Large Page Support: Disabled
 NUMA Support: Disabled
 Compressed Oops: Enabled (32-bit)
 Heap Region Size: 1M
 Heap Min Capacity: 8M
 Heap Initial Capacity: 124M
 Heap Max Capacity: 1966M
 Pre-touch: Disabled
 Parallel Workers: 13
 Concurrent Workers: 3
 Concurrent Refinement Workers: 13
 Periodic GC: Disabled
Heap:
 garbage-first heap   total reserved 2013184K, committed 164864K, used 83101K [0x0000000085200000, 0x0000000100000000)
  region size 1024K, 14 young (14336K), 4 survivors (4096K)
GC Heap Usage History (20 events):
Event: 3.809 {heap Before GC invocations=4 (full 0):
 garbage-first heap   total reserved 2013184K, committed 129024K, used 36337K [0x0000000085200000, 0x0000000100000000)
  region size 1024K, 20 young (20480K), 10 survivors (10240K)
}
Event: 3.815 {heap After GC invocations=5 (full 0):
 garbage-first heap   total reserved 2013184K, committed 129024K, used 29313K [0x0000000085200000, 0x0000000100000000)
  region size 1024K, 8 young (8192K), 8 survivors (8192K)
}
Event: 4.484 {heap Before GC invocations=6 (full 0):
 garbage-first heap   total reserved 2013184K, committed 102400K, used 83585K [0x0000000085200000, 0x0000000100000000)
  region size 1024K, 60 young (61440K), 8 survivors (8192K)
}
Event: 4.507 {heap After GC invocations=7 (full 0):
 garbage-first heap   total reserved 2013184K, committed 108544K, used 42127K [0x0000000085200000, 0x0000000100000000)
  region size 1024K, 8 young (8192K), 8 survivors (8192K)
}
Event: 5.162 {heap Before GC invocations=7 (full 0):
 garbage-first heap   total reserved 2013184K, committed 108544K, used 81039K [0x0000000085200000, 0x0000000100000000)
  region size 1024K, 47 young (48128K), 8 survivors (8192K)
}
Event: 5.178 {heap After GC invocations=8 (full 0):
 garbage-first heap   total reserved 2013184K, committed 108544K, used 47097K [0x0000000085200000, 0x0000000100000000)
  region size 1024K, 5 young (5120K), 5 survivors (5120K)
}
Event: 5.621 {heap Before GC invocations=8 (full 0):
 garbage-first heap   total reserved 2013184K, committed 108544K, used 86009K [0x0000000085200000, 0x0000000100000000)
  region size 1024K, 43 young (44032K), 5 survivors (5120K)
}
Event: 5.629 {heap After GC invocations=9 (full 0):
 garbage-first heap   total reserved 2013184K, committed 131072K, used 48633K [0x0000000085200000, 0x0000000100000000)
  region size 1024K, 2 young (2048K), 2 survivors (2048K)
}
Event: 6.471 {heap Before GC invocations=9 (full 0):
 garbage-first heap   total reserved 2013184K, committed 131072K, used 104953K [0x0000000085200000, 0x0000000100000000)
  region size 1024K, 57 young (58368K), 2 survivors (2048K)
}
Event: 6.478 {heap After GC invocations=10 (full 0):
 garbage-first heap   total reserved 2013184K, committed 131072K, used 50117K [0x0000000085200000, 0x0000000100000000)
  region size 1024K, 3 young (3072K), 3 survivors (3072K)
}
Event: 7.154 {heap Before GC invocations=10 (full 0):
 garbage-first heap   total reserved 2013184K, committed 131072K, used 114629K [0x0000000085200000, 0x0000000100000000)
  region size 1024K, 60 young (61440K), 3 survivors (3072K)
}
Event: 7.169 {heap After GC invocations=11 (full 0):
 garbage-first heap   total reserved 2013184K, committed 137216K, used 72632K [0x0000000085200000, 0x0000000100000000)
  region size 1024K, 8 young (8192K), 8 survivors (8192K)
}
Event: 7.638 {heap Before GC invocations=11 (full 0):
 garbage-first heap   total reserved 2013184K, committed 137216K, used 110520K [0x0000000085200000, 0x0000000100000000)
  region size 1024K, 46 young (47104K), 8 survivors (8192K)
}
Event: 7.652 {heap After GC invocations=12 (full 0):
 garbage-first heap   total reserved 2013184K, committed 137216K, used 80889K [0x0000000085200000, 0x0000000100000000)
  region size 1024K, 6 young (6144K), 6 survivors (6144K)
}
Event: 7.966 {heap Before GC invocations=13 (full 0):
 garbage-first heap   total reserved 2013184K, committed 137216K, used 114681K [0x0000000085200000, 0x0000000100000000)
  region size 1024K, 40 young (40960K), 6 survivors (6144K)
}
Event: 7.971 {heap After GC invocations=14 (full 0):
 garbage-first heap   total reserved 2013184K, committed 137216K, used 82299K [0x0000000085200000, 0x0000000100000000)
  region size 1024K, 2 young (2048K), 2 survivors (2048K)
}
Event: 8.284 {heap Before GC invocations=14 (full 0):
 garbage-first heap   total reserved 2013184K, committed 137216K, used 118139K [0x0000000085200000, 0x0000000100000000)
  region size 1024K, 37 young (37888K), 2 survivors (2048K)
}
Event: 8.293 {heap After GC invocations=15 (full 0):
 garbage-first heap   total reserved 2013184K, committed 137216K, used 73388K [0x0000000085200000, 0x0000000100000000)
  region size 1024K, 2 young (2048K), 2 survivors (2048K)
}
Event: 8.951 {heap Before GC invocations=15 (full 0):
 garbage-first heap   total reserved 2013184K, committed 137216K, used 117420K [0x0000000085200000, 0x0000000100000000)
  region size 1024K, 45 young (46080K), 2 survivors (2048K)
}
Event: 8.955 {heap After GC invocations=16 (full 0):
 garbage-first heap   total reserved 2013184K, committed 164864K, used 74909K [0x0000000085200000, 0x0000000100000000)
  region size 1024K, 4 young (4096K), 4 survivors (4096K)
}

